<?xml version="1.0" encoding="UTF-8"?>
<!-- Generated by org.testng.reporters.JUnitReportReporter -->
<testsuite skipped="0" hostname="LAPTOP-78C1N0I5" name="test.SimpleGetTest" tests="1" failures="0" timestamp="19 Dec 2019 15:08:28 GMT" time="2.782" errors="0">
  <testcase name="GetWeatherDetails" time="2.782" classname="test.SimpleGetTest"/>
</testsuite> <!-- test.SimpleGetTest -->
